<?xml version="1.0" encoding="UTF-8"?>
<testng-results ignored="0" total="1" passed="1" failed="0" skipped="0">
  <reporter-output>
  </reporter-output>
  <suite started-at="2022-06-15T18:20:22Z" name="Suite" finished-at="2022-06-15T18:20:22Z" duration-ms="36">
    <groups>
    </groups>
    <test started-at="2022-06-15T18:20:22Z" name="Test" finished-at="2022-06-15T18:20:22Z" duration-ms="36">
      <class name="TestLayer.TestClass1">
        <test-method signature="fun1()[pri:0, instance:TestLayer.TestClass1@194fad1]" started-at="2022-06-15T18:20:22Z" name="fun1" finished-at="2022-06-15T18:20:22Z" duration-ms="11" status="PASS">
          <reporter-output>
          </reporter-output>
        </test-method> <!-- fun1 -->
      </class> <!-- TestLayer.TestClass1 -->
    </test> <!-- Test -->
  </suite> <!-- Suite -->
</testng-results>
